<?xml version="1.0" ?>
<coverage version="6.3.2" timestamp="1649779221030" lines-valid="108" lines-covered="17" line-rate="0.1574" branches-covered="0" branches-valid="0" branch-rate="0" complexity="0">
	<!-- Generated by coverage.py: https://coverage.readthedocs.io -->
	<!-- Based on https://raw.githubusercontent.com/cobertura/web/master/htdocs/xml/coverage-04.dtd -->
	<sources>
		<source></source>
		<source>/Users/andrewromans/Dev/Work/AI-CI</source>
	</sources>
	<packages>
		<package name="src.scripts" line-rate="1" branch-rate="0" complexity="0">
			<classes>
				<class name="test_functions.py" filename="src/scripts/test_functions.py" complexity="0" line-rate="1" branch-rate="0">
					<methods/>
					<lines>
						<line number="1" hits="1"/>
						<line number="2" hits="1"/>
						<line number="4" hits="1"/>
						<line number="5" hits="1"/>
					</lines>
				</class>
			</classes>
		</package>
		<package name="src.unittests" line-rate="1" branch-rate="0" complexity="0">
			<classes>
				<class name="addone_test.py" filename="src/unittests/addone_test.py" complexity="0" line-rate="1" branch-rate="0">
					<methods/>
					<lines>
						<line number="1" hits="1"/>
						<line number="3" hits="1"/>
						<line number="5" hits="1"/>
						<line number="7" hits="1"/>
						<line number="8" hits="1"/>
						<line number="10" hits="1"/>
						<line number="11" hits="1"/>
						<line number="17" hits="1"/>
					</lines>
				</class>
			</classes>
		</package>
	</packages>
</coverage>
